\BOOKMARK [2][-]{section*.1}{title-slide}{}
\BOOKMARK [1][-]{section*.1}{Knowledge of Mind}{}
\BOOKMARK [2][-]{section*.2}{slide-3}{section*.1}
\BOOKMARK [2][-]{section*.2}{slide-6}{section*.1}
\BOOKMARK [2][-]{section*.2}{slide-7}{section*.1}
\BOOKMARK [2][-]{section*.2}{slide-10}{section*.1}
\BOOKMARK [2][-]{section*.2}{slide-14}{section*.1}
\BOOKMARK [2][-]{section*.2}{slide-15}{section*.1}
\BOOKMARK [2][-]{section*.2}{maxi\137story}{section*.1}
\BOOKMARK [2][-]{section*.2}{slide-20}{section*.1}
\BOOKMARK [2][-]{section*.2}{slide-21}{section*.1}
\BOOKMARK [2][-]{section*.2}{slide-22}{section*.1}
\BOOKMARK [2][-]{section*.2}{slide-23}{section*.1}
\BOOKMARK [2][-]{section*.2}{slide-24}{section*.1}
\BOOKMARK [2][-]{section*.2}{slide-25}{section*.1}
\BOOKMARK [2][-]{section*.2}{slide-26}{section*.1}
\BOOKMARK [2][-]{section*.2}{slide-27}{section*.1}
\BOOKMARK [2][-]{section*.2}{slide-28}{section*.1}
\BOOKMARK [2][-]{section*.2}{unit\137411}{section*.1}
\BOOKMARK [1][-]{section*.2}{Mindreading: First Puzzle}{}
\BOOKMARK [2][-]{section*.3}{slide-30}{section*.2}
\BOOKMARK [2][-]{section*.3}{slide-31}{section*.2}
\BOOKMARK [2][-]{section*.3}{slide-36}{section*.2}
\BOOKMARK [2][-]{section*.3}{slide-88}{section*.2}
\BOOKMARK [2][-]{section*.3}{slide-89}{section*.2}
\BOOKMARK [2][-]{section*.3}{slide-90}{section*.2}
\BOOKMARK [2][-]{section*.3}{unit\137421}{section*.2}
\BOOKMARK [1][-]{section*.3}{Mindreading: Second Puzzle}{}
\BOOKMARK [2][-]{section*.4}{slide-109}{section*.3}
\BOOKMARK [2][-]{section*.4}{slide-110}{section*.3}
\BOOKMARK [2][-]{section*.4}{unit\137431}{section*.3}
\BOOKMARK [1][-]{section*.4}{Modules and Cognitive Efficiency}{}
\BOOKMARK [2][-]{section*.5}{slide-117}{section*.4}
\BOOKMARK [2][-]{section*.5}{slide-118}{section*.4}
\BOOKMARK [2][-]{section*.5}{slide-122}{section*.4}
\BOOKMARK [2][-]{section*.5}{slide-125}{section*.4}
\BOOKMARK [2][-]{section*.5}{slide-126}{section*.4}
\BOOKMARK [2][-]{section*.5}{unit\137441}{section*.4}
\BOOKMARK [1][-]{section*.5}{Minimal Theory of Mind}{}
\BOOKMARK [2][-]{section*.6}{unit\137451}{section*.5}
\BOOKMARK [1][-]{section*.6}{Signature Limits Generate Predictions}{}
\BOOKMARK [2][-]{section*.7}{slide-169}{section*.6}
\BOOKMARK [2][-]{section*.7}{slide-170}{section*.6}
\BOOKMARK [2][-]{section*.7}{slide-171}{section*.6}
