\BOOKMARK [2][-]{section*.1}{slide-3}{}
\BOOKMARK [2][-]{section*.1}{slide-4}{}
\BOOKMARK [2][-]{section*.1}{slide-7}{}
\BOOKMARK [2][-]{section*.1}{slide-10}{}
\BOOKMARK [2][-]{section*.1}{slide-11}{}
\BOOKMARK [2][-]{section*.1}{unit\137221}{}
\BOOKMARK [1][-]{section*.1}{Recap: Three Questions}{}
\BOOKMARK [2][-]{section*.2}{slide-13}{section*.1}
\BOOKMARK [2][-]{section*.2}{slide-14}{section*.1}
\BOOKMARK [2][-]{section*.2}{slide-15}{section*.1}
\BOOKMARK [2][-]{section*.2}{slide-16}{section*.1}
\BOOKMARK [2][-]{section*.2}{slide-17}{section*.1}
\BOOKMARK [2][-]{section*.2}{slide-18}{section*.1}
\BOOKMARK [2][-]{section*.2}{slide-19}{section*.1}
\BOOKMARK [2][-]{section*.2}{slide-20}{section*.1}
\BOOKMARK [2][-]{section*.2}{slide-21}{section*.1}
\BOOKMARK [2][-]{section*.2}{slide-22}{section*.1}
\BOOKMARK [2][-]{section*.2}{slide-28}{section*.1}
\BOOKMARK [2][-]{section*.2}{slide-30}{section*.1}
\BOOKMARK [2][-]{section*.2}{slide-31}{section*.1}
\BOOKMARK [2][-]{section*.2}{unit\137230}{section*.1}
\BOOKMARK [1][-]{section*.2}{The Parable of the Wrock}{}
\BOOKMARK [2][-]{section*.3}{slide-41}{section*.2}
\BOOKMARK [2][-]{section*.3}{slide-42}{section*.2}
\BOOKMARK [2][-]{section*.3}{slide-43}{section*.2}
\BOOKMARK [2][-]{section*.3}{slide-44}{section*.2}
\BOOKMARK [2][-]{section*.3}{slide-45}{section*.2}
\BOOKMARK [2][-]{section*.3}{slide-46}{section*.2}
\BOOKMARK [2][-]{section*.3}{unit\137231}{section*.2}
\BOOKMARK [1][-]{section*.3}{Core Knowledge and Modularity}{}
\BOOKMARK [2][-]{section*.4}{slide-48}{section*.3}
\BOOKMARK [2][-]{section*.4}{slide-49}{section*.3}
\BOOKMARK [2][-]{section*.4}{slide-50}{section*.3}
\BOOKMARK [2][-]{section*.4}{slide-53}{section*.3}
\BOOKMARK [2][-]{section*.4}{slide-61}{section*.3}
\BOOKMARK [2][-]{section*.4}{slide-73}{section*.3}
\BOOKMARK [2][-]{section*.4}{slide-75}{section*.3}
\BOOKMARK [2][-]{section*.4}{slide-76}{section*.3}
\BOOKMARK [2][-]{section*.4}{slide-77}{section*.3}
\BOOKMARK [2][-]{section*.4}{slide-78}{section*.3}
\BOOKMARK [2][-]{section*.4}{slide-80}{section*.3}
\BOOKMARK [2][-]{section*.4}{slide-83}{section*.3}
\BOOKMARK [2][-]{section*.4}{slide-84}{section*.3}
\BOOKMARK [2][-]{section*.4}{slide-85}{section*.3}
\BOOKMARK [2][-]{section*.4}{slide-87}{section*.3}
\BOOKMARK [2][-]{section*.4}{slide-88}{section*.3}
\BOOKMARK [2][-]{section*.4}{slide-89}{section*.3}
\BOOKMARK [2][-]{section*.4}{slide-90}{section*.3}
\BOOKMARK [2][-]{section*.4}{slide-92}{section*.3}
\BOOKMARK [2][-]{section*.4}{slide-95}{section*.3}
\BOOKMARK [2][-]{section*.4}{slide-96}{section*.3}
\BOOKMARK [2][-]{section*.4}{slide-98}{section*.3}
\BOOKMARK [2][-]{section*.4}{slide-99}{section*.3}
\BOOKMARK [2][-]{section*.4}{slide-100}{section*.3}
\BOOKMARK [2][-]{section*.4}{slide-102}{section*.3}
\BOOKMARK [2][-]{section*.4}{slide-105}{section*.3}
\BOOKMARK [2][-]{section*.4}{slide-106}{section*.3}
\BOOKMARK [2][-]{section*.4}{slide-108}{section*.3}
\BOOKMARK [2][-]{section*.4}{slide-110}{section*.3}
\BOOKMARK [2][-]{section*.4}{unit\137291}{section*.3}
\BOOKMARK [1][-]{section*.4}{Computation is the Real Essence of Core Knowledge}{}
\BOOKMARK [2][-]{section*.5}{slide-120}{section*.4}
\BOOKMARK [2][-]{section*.5}{slide-121}{section*.4}
\BOOKMARK [2][-]{section*.5}{slide-122}{section*.4}
\BOOKMARK [2][-]{section*.5}{slide-123}{section*.4}
\BOOKMARK [2][-]{section*.5}{slide-135}{section*.4}
\BOOKMARK [2][-]{section*.5}{slide-139}{section*.4}
\BOOKMARK [2][-]{section*.5}{slide-141}{section*.4}
\BOOKMARK [2][-]{section*.5}{slide-148}{section*.4}
\BOOKMARK [2][-]{section*.5}{slide-149}{section*.4}
\BOOKMARK [2][-]{section*.5}{slide-150}{section*.4}
\BOOKMARK [2][-]{section*.5}{slide-151}{section*.4}
\BOOKMARK [2][-]{section*.5}{slide-152}{section*.4}
\BOOKMARK [2][-]{section*.5}{slide-153}{section*.4}
\BOOKMARK [2][-]{section*.5}{slide-156}{section*.4}
\BOOKMARK [2][-]{section*.5}{slide-159}{section*.4}
\BOOKMARK [2][-]{section*.5}{slide-162}{section*.4}
\BOOKMARK [2][-]{section*.5}{unit\137251}{section*.4}
\BOOKMARK [1][-]{section*.5}{Perception of Causation}{}
\BOOKMARK [2][-]{section*.6}{slide-164}{section*.5}
\BOOKMARK [2][-]{section*.6}{slide-165}{section*.5}
\BOOKMARK [2][-]{section*.6}{slide-166}{section*.5}
\BOOKMARK [2][-]{section*.6}{slide-167}{section*.5}
\BOOKMARK [2][-]{section*.6}{slide-168}{section*.5}
\BOOKMARK [2][-]{section*.6}{slide-170}{section*.5}
\BOOKMARK [2][-]{section*.6}{slide-171}{section*.5}
\BOOKMARK [2][-]{section*.6}{slide-172}{section*.5}
\BOOKMARK [2][-]{section*.6}{slide-174}{section*.5}
\BOOKMARK [2][-]{section*.6}{slide-175}{section*.5}
\BOOKMARK [2][-]{section*.6}{slide-176}{section*.5}
\BOOKMARK [2][-]{section*.6}{slide-177}{section*.5}
\BOOKMARK [2][-]{section*.6}{unit\137261}{section*.5}
\BOOKMARK [1][-]{section*.6}{Object Indexes and Causal Interactions}{}
\BOOKMARK [2][-]{section*.7}{slide-180}{section*.6}
\BOOKMARK [2][-]{section*.7}{slide-186}{section*.6}
\BOOKMARK [2][-]{section*.7}{slide-187}{section*.6}
\BOOKMARK [2][-]{section*.7}{slide-191}{section*.6}
\BOOKMARK [2][-]{section*.7}{slide-192}{section*.6}
\BOOKMARK [2][-]{section*.7}{slide-197}{section*.6}
\BOOKMARK [2][-]{section*.7}{slide-198}{section*.6}
\BOOKMARK [2][-]{section*.7}{slide-199}{section*.6}
\BOOKMARK [2][-]{section*.7}{unit\137271}{section*.6}
\BOOKMARK [1][-]{section*.7}{Perceptual Expectations}{}
\BOOKMARK [2][-]{section*.8}{slide-202}{section*.7}
\BOOKMARK [2][-]{section*.8}{slide-204}{section*.7}
\BOOKMARK [2][-]{section*.8}{slide-205}{section*.7}
\BOOKMARK [2][-]{section*.8}{slide-206}{section*.7}
\BOOKMARK [2][-]{section*.8}{slide-207}{section*.7}
\BOOKMARK [2][-]{section*.8}{slide-208}{section*.7}
\BOOKMARK [2][-]{section*.8}{unit\137281}{section*.7}
\BOOKMARK [1][-]{section*.8}{Knowledge of Objects: Conclusions}{}
\BOOKMARK [2][-]{section*.9}{slide-210}{section*.8}
\BOOKMARK [2][-]{section*.9}{slide-212}{section*.8}
\BOOKMARK [2][-]{section*.9}{slide-213}{section*.8}
\BOOKMARK [2][-]{section*.9}{slide-214}{section*.8}
\BOOKMARK [2][-]{section*.9}{slide-215}{section*.8}
\BOOKMARK [2][-]{section*.9}{slide-216}{section*.8}
\BOOKMARK [2][-]{section*.9}{slide-217}{section*.8}
\BOOKMARK [2][-]{section*.9}{slide-222}{section*.8}
