\BOOKMARK [2][-]{section*.1}{title-slide}{}
\BOOKMARK [1][-]{section*.1}{Objects vs Features}{}
\BOOKMARK [2][-]{section*.2}{slide-3}{section*.1}
\BOOKMARK [2][-]{section*.2}{segment\137persist\137interact}{section*.1}
\BOOKMARK [2][-]{section*.2}{slide-7}{section*.1}
\BOOKMARK [2][-]{section*.2}{slide-8}{section*.1}
\BOOKMARK [2][-]{section*.2}{slide-9}{section*.1}
\BOOKMARK [2][-]{section*.2}{slide-17}{section*.1}
\BOOKMARK [2][-]{section*.2}{slide-18}{section*.1}
\BOOKMARK [2][-]{section*.2}{slide-26}{section*.1}
\BOOKMARK [2][-]{section*.2}{slide-27}{section*.1}
\BOOKMARK [2][-]{section*.2}{slide-31}{section*.1}
\BOOKMARK [2][-]{section*.2}{slide-32}{section*.1}
\BOOKMARK [2][-]{section*.2}{slide-33}{section*.1}
\BOOKMARK [2][-]{section*.2}{unit\137171}{section*.1}
\BOOKMARK [1][-]{section*.2}{Segmentation and the Principles of Object Perception}{}
\BOOKMARK [2][-]{section*.3}{slide-35}{section*.2}
\BOOKMARK [2][-]{section*.3}{slide-36}{section*.2}
\BOOKMARK [2][-]{section*.3}{slide-37}{section*.2}
\BOOKMARK [2][-]{section*.3}{slide-39}{section*.2}
\BOOKMARK [2][-]{section*.3}{slide-42}{section*.2}
\BOOKMARK [2][-]{section*.3}{slide-43}{section*.2}
\BOOKMARK [2][-]{section*.3}{slide-44}{section*.2}
\BOOKMARK [2][-]{section*.3}{slide-46}{section*.2}
\BOOKMARK [2][-]{section*.3}{slide-48}{section*.2}
\BOOKMARK [2][-]{section*.3}{slide-49}{section*.2}
\BOOKMARK [2][-]{section*.3}{slide-50}{section*.2}
\BOOKMARK [2][-]{section*.3}{slide-51}{section*.2}
\BOOKMARK [2][-]{section*.3}{slide-52}{section*.2}
\BOOKMARK [2][-]{section*.3}{slide-53}{section*.2}
\BOOKMARK [2][-]{section*.3}{slide-54}{section*.2}
\BOOKMARK [2][-]{section*.3}{slide-55}{section*.2}
\BOOKMARK [2][-]{section*.3}{slide-56}{section*.2}
\BOOKMARK [2][-]{section*.3}{slide-57}{section*.2}
\BOOKMARK [2][-]{section*.3}{slide-58}{section*.2}
\BOOKMARK [2][-]{section*.3}{slide-59}{section*.2}
\BOOKMARK [2][-]{section*.3}{slide-63}{section*.2}
\BOOKMARK [2][-]{section*.3}{slide-64}{section*.2}
\BOOKMARK [2][-]{section*.3}{slide-65}{section*.2}
\BOOKMARK [2][-]{section*.3}{unit\137181}{section*.2}
\BOOKMARK [1][-]{section*.3}{From Segmentation to Permanence}{}
\BOOKMARK [2][-]{section*.4}{slide-67}{section*.3}
\BOOKMARK [2][-]{section*.4}{slide-68}{section*.3}
\BOOKMARK [2][-]{section*.4}{slide-69}{section*.3}
\BOOKMARK [2][-]{section*.4}{slide-72}{section*.3}
\BOOKMARK [2][-]{section*.4}{slide-74}{section*.3}
\BOOKMARK [2][-]{section*.4}{slide-75}{section*.3}
\BOOKMARK [2][-]{section*.4}{slide-77}{section*.3}
\BOOKMARK [2][-]{section*.4}{slide-80}{section*.3}
\BOOKMARK [2][-]{section*.4}{slide-81}{section*.3}
\BOOKMARK [2][-]{section*.4}{slide-82}{section*.3}
\BOOKMARK [2][-]{section*.4}{unit\137191}{section*.3}
\BOOKMARK [1][-]{section*.4}{Permanence}{}
\BOOKMARK [2][-]{section*.5}{slide-84}{section*.4}
\BOOKMARK [2][-]{section*.5}{slide-86}{section*.4}
\BOOKMARK [2][-]{section*.5}{slide-87}{section*.4}
\BOOKMARK [2][-]{section*.5}{slide-88}{section*.4}
\BOOKMARK [2][-]{section*.5}{slide-94}{section*.4}
\BOOKMARK [2][-]{section*.5}{slide-95}{section*.4}
\BOOKMARK [2][-]{section*.5}{slide-98}{section*.4}
\BOOKMARK [2][-]{section*.5}{slide-99}{section*.4}
\BOOKMARK [2][-]{section*.5}{slide-100}{section*.4}
\BOOKMARK [2][-]{section*.5}{slide-101}{section*.4}
\BOOKMARK [2][-]{section*.5}{slide-102}{section*.4}
\BOOKMARK [2][-]{section*.5}{slide-103}{section*.4}
\BOOKMARK [2][-]{section*.5}{slide-110}{section*.4}
\BOOKMARK [2][-]{section*.5}{slide-111}{section*.4}
\BOOKMARK [2][-]{section*.5}{slide-116}{section*.4}
\BOOKMARK [2][-]{section*.5}{slide-118}{section*.4}
\BOOKMARK [2][-]{section*.5}{slide-120}{section*.4}
\BOOKMARK [2][-]{section*.5}{slide-121}{section*.4}
\BOOKMARK [2][-]{section*.5}{slide-122}{section*.4}
\BOOKMARK [2][-]{section*.5}{slide-123}{section*.4}
\BOOKMARK [2][-]{section*.5}{slide-126}{section*.4}
\BOOKMARK [2][-]{section*.5}{slide-129}{section*.4}
\BOOKMARK [2][-]{section*.5}{unit\137201}{section*.4}
\BOOKMARK [1][-]{section*.5}{Causal Interactions}{}
\BOOKMARK [2][-]{section*.6}{slide-131}{section*.5}
\BOOKMARK [2][-]{section*.6}{slide-132}{section*.5}
\BOOKMARK [2][-]{section*.6}{slide-134}{section*.5}
\BOOKMARK [2][-]{section*.6}{slide-136}{section*.5}
\BOOKMARK [2][-]{section*.6}{slide-138}{section*.5}
\BOOKMARK [2][-]{section*.6}{slide-139}{section*.5}
\BOOKMARK [2][-]{section*.6}{slide-140}{section*.5}
\BOOKMARK [2][-]{section*.6}{slide-141}{section*.5}
\BOOKMARK [2][-]{section*.6}{slide-142}{section*.5}
\BOOKMARK [2][-]{section*.6}{slide-143}{section*.5}
\BOOKMARK [2][-]{section*.6}{slide-144}{section*.5}
\BOOKMARK [2][-]{section*.6}{slide-145}{section*.5}
\BOOKMARK [2][-]{section*.6}{slide-148}{section*.5}
\BOOKMARK [2][-]{section*.6}{slide-151}{section*.5}
\BOOKMARK [2][-]{section*.6}{slide-152}{section*.5}
\BOOKMARK [2][-]{section*.6}{slide-154}{section*.5}
\BOOKMARK [2][-]{section*.6}{slide-157}{section*.5}
\BOOKMARK [2][-]{section*.6}{slide-158}{section*.5}
\BOOKMARK [2][-]{section*.6}{slide-159}{section*.5}
\BOOKMARK [2][-]{section*.6}{slide-160}{section*.5}
\BOOKMARK [2][-]{section*.6}{slide-161}{section*.5}
\BOOKMARK [2][-]{section*.6}{slide-162}{section*.5}
\BOOKMARK [2][-]{section*.6}{slide-163}{section*.5}
\BOOKMARK [2][-]{section*.6}{slide-164}{section*.5}
\BOOKMARK [2][-]{section*.6}{slide-165}{section*.5}
\BOOKMARK [2][-]{section*.6}{slide-166}{section*.5}
\BOOKMARK [2][-]{section*.6}{slide-167}{section*.5}
\BOOKMARK [2][-]{section*.6}{slide-168}{section*.5}
\BOOKMARK [2][-]{section*.6}{slide-172}{section*.5}
\BOOKMARK [2][-]{section*.6}{slide-173}{section*.5}
\BOOKMARK [2][-]{section*.6}{slide-174}{section*.5}
\BOOKMARK [2][-]{section*.6}{slide-175}{section*.5}
\BOOKMARK [2][-]{section*.6}{slide-176}{section*.5}
\BOOKMARK [2][-]{section*.6}{slide-178}{section*.5}
\BOOKMARK [2][-]{section*.6}{unit\137211}{section*.5}
\BOOKMARK [1][-]{section*.6}{Like Knowledge and Like Not Knowledge}{}
\BOOKMARK [2][-]{section*.7}{slide-180}{section*.6}
\BOOKMARK [2][-]{section*.7}{slide-181}{section*.6}
\BOOKMARK [2][-]{section*.7}{slide-182}{section*.6}
\BOOKMARK [2][-]{section*.7}{slide-183}{section*.6}
\BOOKMARK [2][-]{section*.7}{slide-184}{section*.6}
\BOOKMARK [2][-]{section*.7}{slide-186}{section*.6}
\BOOKMARK [2][-]{section*.7}{slide-188}{section*.6}
\BOOKMARK [2][-]{section*.7}{slide-190}{section*.6}
\BOOKMARK [2][-]{section*.7}{slide-191}{section*.6}
\BOOKMARK [2][-]{section*.7}{slide-192}{section*.6}
\BOOKMARK [2][-]{section*.7}{slide-193}{section*.6}
\BOOKMARK [2][-]{section*.7}{slide-194}{section*.6}
\BOOKMARK [2][-]{section*.7}{slide-196}{section*.6}
\BOOKMARK [2][-]{section*.7}{slide-201}{section*.6}
\BOOKMARK [2][-]{section*.7}{slide-202}{section*.6}
\BOOKMARK [2][-]{section*.7}{slide-204}{section*.6}
\BOOKMARK [2][-]{section*.7}{slide-207}{section*.6}
\BOOKMARK [2][-]{section*.7}{slide-208}{section*.6}
\BOOKMARK [2][-]{section*.7}{slide-211}{section*.6}
\BOOKMARK [2][-]{section*.7}{slide-220}{section*.6}
\BOOKMARK [2][-]{section*.7}{slide-222}{section*.6}
