\BOOKMARK [2][-]{section*.1}{title-slide}{}
\BOOKMARK [1][-]{section*.1}{The Question}{}
\BOOKMARK [2][-]{section*.2}{slide-3}{section*.1}
\BOOKMARK [2][-]{section*.2}{slide-18}{section*.1}
\BOOKMARK [2][-]{section*.2}{slide-24}{section*.1}
\BOOKMARK [2][-]{section*.2}{slide-25}{section*.1}
\BOOKMARK [2][-]{section*.2}{unit\137021}{section*.1}
\BOOKMARK [1][-]{section*.2}{From Myths to Mechanisms}{}
\BOOKMARK [2][-]{section*.3}{myths\137to\137mechanisms}{section*.2}
\BOOKMARK [2][-]{section*.3}{slide-28}{section*.2}
\BOOKMARK [2][-]{section*.3}{slide-29}{section*.2}
\BOOKMARK [2][-]{section*.3}{slide-30}{section*.2}
\BOOKMARK [2][-]{section*.3}{slide-31}{section*.2}
\BOOKMARK [2][-]{section*.3}{slide-36}{section*.2}
\BOOKMARK [2][-]{section*.3}{unit\137031}{section*.2}
\BOOKMARK [1][-]{section*.3}{Inbetween mindless behaviour and thought}{}
\BOOKMARK [2][-]{section*.4}{slide-38}{section*.3}
\BOOKMARK [2][-]{section*.4}{object\137permanence}{section*.3}
\BOOKMARK [2][-]{section*.4}{slide-47}{section*.3}
\BOOKMARK [2][-]{section*.4}{slide-54}{section*.3}
\BOOKMARK [2][-]{section*.4}{slide-57}{section*.3}
\BOOKMARK [2][-]{section*.4}{slide-58}{section*.3}
\BOOKMARK [2][-]{section*.4}{slide-61}{section*.3}
\BOOKMARK [2][-]{section*.4}{slide-62}{section*.3}
\BOOKMARK [2][-]{section*.4}{slide-64}{section*.3}
\BOOKMARK [2][-]{section*.4}{slide-67}{section*.3}
\BOOKMARK [2][-]{section*.4}{slide-70}{section*.3}
\BOOKMARK [2][-]{section*.4}{slide-71}{section*.3}
\BOOKMARK [2][-]{section*.4}{slide-73}{section*.3}
\BOOKMARK [2][-]{section*.4}{iceberg}{section*.3}
\BOOKMARK [2][-]{section*.4}{slide-76}{section*.3}
\BOOKMARK [2][-]{section*.4}{slide-79}{section*.3}
\BOOKMARK [2][-]{section*.4}{slide-80}{section*.3}
\BOOKMARK [2][-]{section*.4}{slide-81}{section*.3}
\BOOKMARK [2][-]{section*.4}{simple\137theory\137of\137the\137mind}{section*.3}
\BOOKMARK [2][-]{section*.4}{slide-83}{section*.3}
\BOOKMARK [2][-]{section*.4}{slide-84}{section*.3}
\BOOKMARK [2][-]{section*.4}{slide-85}{section*.3}
\BOOKMARK [2][-]{section*.4}{intentional\137stance}{section*.3}
\BOOKMARK [2][-]{section*.4}{slide-87}{section*.3}
\BOOKMARK [2][-]{section*.4}{slide-88}{section*.3}
\BOOKMARK [2][-]{section*.4}{slide-92}{section*.3}
\BOOKMARK [2][-]{section*.4}{slide-93}{section*.3}
\BOOKMARK [2][-]{section*.4}{unit\137051}{section*.3}
\BOOKMARK [1][-]{section*.4}{Two Breakthroughs}{}
\BOOKMARK [2][-]{section*.5}{slide-102}{section*.4}
\BOOKMARK [2][-]{section*.5}{unit\137061}{section*.4}
\BOOKMARK [1][-]{section*.5}{Social Interaction}{}
\BOOKMARK [2][-]{section*.6}{bold\137conjecture}{section*.5}
\BOOKMARK [2][-]{section*.6}{vygostky\137hyp}{section*.5}
\BOOKMARK [2][-]{section*.6}{slide-115}{section*.5}
\BOOKMARK [2][-]{section*.6}{slide-125}{section*.5}
\BOOKMARK [2][-]{section*.6}{slide-126}{section*.5}
\BOOKMARK [2][-]{section*.6}{slide-132}{section*.5}
\BOOKMARK [2][-]{section*.6}{slide-133}{section*.5}
\BOOKMARK [2][-]{section*.6}{unit\137071}{section*.5}
\BOOKMARK [1][-]{section*.6}{Core knowledge}{}
\BOOKMARK [2][-]{section*.7}{slide-135}{section*.6}
\BOOKMARK [2][-]{section*.7}{slide-137}{section*.6}
\BOOKMARK [2][-]{section*.7}{slide-140}{section*.6}
\BOOKMARK [2][-]{section*.7}{slide-141}{section*.6}
\BOOKMARK [2][-]{section*.7}{slide-142}{section*.6}
\BOOKMARK [2][-]{section*.7}{slide-143}{section*.6}
\BOOKMARK [2][-]{section*.7}{slide-144}{section*.6}
\BOOKMARK [2][-]{section*.7}{slide-145}{section*.6}
\BOOKMARK [2][-]{section*.7}{slide-151}{section*.6}
\BOOKMARK [2][-]{section*.7}{slide-152}{section*.6}
\BOOKMARK [2][-]{section*.7}{slide-153}{section*.6}
\BOOKMARK [2][-]{section*.7}{slide-158}{section*.6}
\BOOKMARK [2][-]{section*.7}{slide-160}{section*.6}
\BOOKMARK [2][-]{section*.7}{unit\137081}{section*.6}
\BOOKMARK [1][-]{section*.7}{Linking Core Knowledge and Social Interaction}{}
\BOOKMARK [2][-]{section*.8}{slide-162}{section*.7}
\BOOKMARK [2][-]{section*.8}{slide-163}{section*.7}
\BOOKMARK [2][-]{section*.8}{slide-164}{section*.7}
