\BOOKMARK [2][-]{section*.1}{title-slide}{}
\BOOKMARK [1][-]{section*.1}{Core Knowledge}{}
\BOOKMARK [2][-]{section*.2}{slide-3}{section*.1}
\BOOKMARK [2][-]{section*.2}{slide-4}{section*.1}
\BOOKMARK [2][-]{section*.2}{slide-5}{section*.1}
\BOOKMARK [2][-]{section*.2}{slide-7}{section*.1}
\BOOKMARK [2][-]{section*.2}{slide-8}{section*.1}
\BOOKMARK [2][-]{section*.2}{slide-9}{section*.1}
\BOOKMARK [2][-]{section*.2}{slide-10}{section*.1}
\BOOKMARK [2][-]{section*.2}{slide-11}{section*.1}
\BOOKMARK [2][-]{section*.2}{slide-12}{section*.1}
\BOOKMARK [2][-]{section*.2}{slide-14}{section*.1}
\BOOKMARK [2][-]{section*.2}{slide-15}{section*.1}
\BOOKMARK [2][-]{section*.2}{slide-18}{section*.1}
\BOOKMARK [2][-]{section*.2}{slide-19}{section*.1}
\BOOKMARK [2][-]{section*.2}{slide-27}{section*.1}
\BOOKMARK [2][-]{section*.2}{slide-28}{section*.1}
\BOOKMARK [2][-]{section*.2}{slide-34}{section*.1}
\BOOKMARK [2][-]{section*.2}{slide-35}{section*.1}
\BOOKMARK [2][-]{section*.2}{slide-36}{section*.1}
\BOOKMARK [2][-]{section*.2}{slide-37}{section*.1}
\BOOKMARK [2][-]{section*.2}{slide-38}{section*.1}
\BOOKMARK [2][-]{section*.2}{slide-39}{section*.1}
\BOOKMARK [2][-]{section*.2}{slide-40}{section*.1}
\BOOKMARK [2][-]{section*.2}{unit\137641}{section*.1}
\BOOKMARK [1][-]{section*.2}{Syntax / Innateness}{}
\BOOKMARK [2][-]{section*.3}{slide-42}{section*.2}
\BOOKMARK [2][-]{section*.3}{slide-43}{section*.2}
\BOOKMARK [2][-]{section*.3}{slide-44}{section*.2}
\BOOKMARK [2][-]{section*.3}{slide-47}{section*.2}
\BOOKMARK [2][-]{section*.3}{slide-52}{section*.2}
\BOOKMARK [2][-]{section*.3}{slide-56}{section*.2}
\BOOKMARK [2][-]{section*.3}{slide-62}{section*.2}
\BOOKMARK [2][-]{section*.3}{slide-63}{section*.2}
\BOOKMARK [2][-]{section*.3}{slide-68}{section*.2}
\BOOKMARK [2][-]{section*.3}{slide-71}{section*.2}
\BOOKMARK [2][-]{section*.3}{slide-72}{section*.2}
\BOOKMARK [2][-]{section*.3}{slide-74}{section*.2}
\BOOKMARK [2][-]{section*.3}{slide-76}{section*.2}
\BOOKMARK [2][-]{section*.3}{slide-77}{section*.2}
\BOOKMARK [2][-]{section*.3}{slide-78}{section*.2}
\BOOKMARK [2][-]{section*.3}{slide-79}{section*.2}
\BOOKMARK [2][-]{section*.3}{slide-82}{section*.2}
\BOOKMARK [2][-]{section*.3}{slide-83}{section*.2}
\BOOKMARK [2][-]{section*.3}{slide-84}{section*.2}
\BOOKMARK [2][-]{section*.3}{slide-92}{section*.2}
\BOOKMARK [2][-]{section*.3}{slide-94}{section*.2}
\BOOKMARK [2][-]{section*.3}{slide-96}{section*.2}
\BOOKMARK [2][-]{section*.3}{slide-98}{section*.2}
\BOOKMARK [2][-]{section*.3}{slide-101}{section*.2}
\BOOKMARK [2][-]{section*.3}{slide-102}{section*.2}
\BOOKMARK [2][-]{section*.3}{slide-103}{section*.2}
\BOOKMARK [2][-]{section*.3}{slide-107}{section*.2}
\BOOKMARK [2][-]{section*.3}{slide-110}{section*.2}
\BOOKMARK [2][-]{section*.3}{slide-113}{section*.2}
\BOOKMARK [2][-]{section*.3}{slide-114}{section*.2}
\BOOKMARK [2][-]{section*.3}{slide-115}{section*.2}
\BOOKMARK [2][-]{section*.3}{slide-116}{section*.2}
\BOOKMARK [2][-]{section*.3}{slide-118}{section*.2}
\BOOKMARK [2][-]{section*.3}{slide-120}{section*.2}
\BOOKMARK [2][-]{section*.3}{unit\137661}{section*.2}
\BOOKMARK [1][-]{section*.3}{Pointing}{}
\BOOKMARK [2][-]{section*.4}{slide-122}{section*.3}
\BOOKMARK [2][-]{section*.4}{slide-123}{section*.3}
\BOOKMARK [2][-]{section*.4}{slide-124}{section*.3}
\BOOKMARK [2][-]{section*.4}{slide-126}{section*.3}
\BOOKMARK [2][-]{section*.4}{slide-128}{section*.3}
\BOOKMARK [2][-]{section*.4}{slide-131}{section*.3}
\BOOKMARK [2][-]{section*.4}{slide-139}{section*.3}
\BOOKMARK [2][-]{section*.4}{slide-141}{section*.3}
\BOOKMARK [2][-]{section*.4}{slide-143}{section*.3}
\BOOKMARK [2][-]{section*.4}{slide-145}{section*.3}
\BOOKMARK [2][-]{section*.4}{slide-150}{section*.3}
\BOOKMARK [2][-]{section*.4}{slide-152}{section*.3}
\BOOKMARK [2][-]{section*.4}{slide-153}{section*.3}
\BOOKMARK [2][-]{section*.4}{slide-154}{section*.3}
\BOOKMARK [2][-]{section*.4}{slide-155}{section*.3}
\BOOKMARK [2][-]{section*.4}{slide-158}{section*.3}
\BOOKMARK [2][-]{section*.4}{slide-159}{section*.3}
\BOOKMARK [2][-]{section*.4}{slide-166}{section*.3}
\BOOKMARK [2][-]{section*.4}{slide-170}{section*.3}
\BOOKMARK [2][-]{section*.4}{slide-172}{section*.3}
\BOOKMARK [2][-]{section*.4}{slide-177}{section*.3}
\BOOKMARK [2][-]{section*.4}{slide-178}{section*.3}
\BOOKMARK [2][-]{section*.4}{slide-182}{section*.3}
\BOOKMARK [2][-]{section*.4}{slide-184}{section*.3}
\BOOKMARK [2][-]{section*.4}{slide-185}{section*.3}
\BOOKMARK [2][-]{section*.4}{slide-186}{section*.3}
\BOOKMARK [2][-]{section*.4}{unit\137671}{section*.3}
\BOOKMARK [1][-]{section*.4}{What is a communicative action?}{}
\BOOKMARK [2][-]{section*.5}{slide-189}{section*.4}
\BOOKMARK [2][-]{section*.5}{slide-190}{section*.4}
\BOOKMARK [2][-]{section*.5}{slide-193}{section*.4}
\BOOKMARK [2][-]{section*.5}{slide-197}{section*.4}
\BOOKMARK [2][-]{section*.5}{slide-198}{section*.4}
\BOOKMARK [2][-]{section*.5}{slide-199}{section*.4}
\BOOKMARK [2][-]{section*.5}{slide-202}{section*.4}
\BOOKMARK [2][-]{section*.5}{slide-205}{section*.4}
\BOOKMARK [2][-]{section*.5}{slide-208}{section*.4}
\BOOKMARK [2][-]{section*.5}{slide-209}{section*.4}
\BOOKMARK [2][-]{section*.5}{slide-211}{section*.4}
\BOOKMARK [2][-]{section*.5}{slide-212}{section*.4}
\BOOKMARK [2][-]{section*.5}{slide-213}{section*.4}
\BOOKMARK [2][-]{section*.5}{slide-215}{section*.4}
\BOOKMARK [2][-]{section*.5}{slide-217}{section*.4}
\BOOKMARK [2][-]{section*.5}{slide-218}{section*.4}
\BOOKMARK [2][-]{section*.5}{slide-219}{section*.4}
\BOOKMARK [2][-]{section*.5}{slide-220}{section*.4}
\BOOKMARK [2][-]{section*.5}{slide-221}{section*.4}
\BOOKMARK [2][-]{section*.5}{slide-222}{section*.4}
