\BOOKMARK [2][-]{Doc-Start}{title-slide}{}% 1
\BOOKMARK [1][-]{Doc-Start}{Action}{}% 2
\BOOKMARK [2][-]{section*.1}{slide-3}{Doc-Start}% 3
\BOOKMARK [2][-]{section*.1}{slide-4}{Doc-Start}% 4
\BOOKMARK [2][-]{section*.1}{slide-6}{Doc-Start}% 5
\BOOKMARK [2][-]{section*.1}{slide-7}{Doc-Start}% 6
\BOOKMARK [2][-]{section*.1}{slide-9}{Doc-Start}% 7
\BOOKMARK [2][-]{section*.1}{slide-13}{Doc-Start}% 8
\BOOKMARK [2][-]{section*.1}{slide-14}{Doc-Start}% 9
\BOOKMARK [2][-]{section*.1}{slide-16}{Doc-Start}% 10
\BOOKMARK [2][-]{section*.1}{slide-17}{Doc-Start}% 11
\BOOKMARK [2][-]{section*.1}{slide-19}{Doc-Start}% 12
\BOOKMARK [2][-]{section*.1}{slide-20}{Doc-Start}% 13
\BOOKMARK [2][-]{section*.1}{slide-24}{Doc-Start}% 14
\BOOKMARK [2][-]{section*.1}{slide-25}{Doc-Start}% 15
\BOOKMARK [2][-]{section*.1}{slide-28}{Doc-Start}% 16
\BOOKMARK [2][-]{section*.1}{slide-29}{Doc-Start}% 17
\BOOKMARK [2][-]{section*.1}{slide-33}{Doc-Start}% 18
\BOOKMARK [2][-]{section*.1}{slide-35}{Doc-Start}% 19
\BOOKMARK [2][-]{section*.1}{slide-38}{Doc-Start}% 20
\BOOKMARK [2][-]{section*.1}{slide-41}{Doc-Start}% 21
\BOOKMARK [2][-]{section*.1}{slide-42}{Doc-Start}% 22
\BOOKMARK [2][-]{section*.1}{slide-43}{Doc-Start}% 23
\BOOKMARK [2][-]{section*.1}{slide-46}{Doc-Start}% 24
\BOOKMARK [2][-]{section*.1}{slide-49}{Doc-Start}% 25
\BOOKMARK [2][-]{section*.1}{slide-50}{Doc-Start}% 26
\BOOKMARK [2][-]{section*.1}{slide-51}{Doc-Start}% 27
\BOOKMARK [2][-]{section*.1}{slide-53}{Doc-Start}% 28
\BOOKMARK [2][-]{section*.1}{unit_711}{Doc-Start}% 29
\BOOKMARK [1][-]{section*.1}{Intentions\040and\040Goals}{}% 30
\BOOKMARK [2][-]{section*.2}{slide-55}{section*.1}% 31
\BOOKMARK [2][-]{section*.2}{slide-56}{section*.1}% 32
\BOOKMARK [2][-]{section*.2}{slide-57}{section*.1}% 33
\BOOKMARK [2][-]{section*.2}{slide-58}{section*.1}% 34
\BOOKMARK [2][-]{section*.2}{slide-59}{section*.1}% 35
\BOOKMARK [2][-]{section*.2}{slide-60}{section*.1}% 36
\BOOKMARK [2][-]{section*.2}{slide-61}{section*.1}% 37
\BOOKMARK [2][-]{section*.2}{slide-62}{section*.1}% 38
\BOOKMARK [2][-]{section*.2}{slide-63}{section*.1}% 39
\BOOKMARK [2][-]{section*.2}{slide-64}{section*.1}% 40
\BOOKMARK [2][-]{section*.2}{slide-65}{section*.1}% 41
\BOOKMARK [2][-]{section*.2}{slide-66}{section*.1}% 42
\BOOKMARK [2][-]{section*.2}{slide-69}{section*.1}% 43
\BOOKMARK [2][-]{section*.2}{slide-70}{section*.1}% 44
\BOOKMARK [2][-]{section*.2}{slide-71}{section*.1}% 45
\BOOKMARK [2][-]{section*.2}{slide-72}{section*.1}% 46
\BOOKMARK [2][-]{section*.2}{slide-73}{section*.1}% 47
\BOOKMARK [2][-]{section*.2}{slide-75}{section*.1}% 48
\BOOKMARK [2][-]{section*.2}{unit_712}{section*.1}% 49
\BOOKMARK [1][-]{section*.2}{Pure\040Goal\040Ascription:\040the\040Teleological\040Stance}{}% 50
\BOOKMARK [2][-]{section*.3}{slide-77}{section*.2}% 51
\BOOKMARK [2][-]{section*.3}{slide-79}{section*.2}% 52
\BOOKMARK [2][-]{section*.3}{slide-81}{section*.2}% 53
\BOOKMARK [2][-]{section*.3}{slide-82}{section*.2}% 54
\BOOKMARK [2][-]{Item.3}{slide-83}{section*.2}% 55
\BOOKMARK [2][-]{Item.3}{slide-84}{section*.2}% 56
\BOOKMARK [2][-]{Item.3}{slide-85}{section*.2}% 57
\BOOKMARK [2][-]{Item.3}{slide-86}{section*.2}% 58
\BOOKMARK [2][-]{Item.3}{slide-87}{section*.2}% 59
\BOOKMARK [2][-]{Item.3}{slide-88}{section*.2}% 60
\BOOKMARK [2][-]{Item.3}{slide-92}{section*.2}% 61
\BOOKMARK [2][-]{Item.3}{slide-93}{section*.2}% 62
\BOOKMARK [2][-]{Item.3}{slide-95}{section*.2}% 63
\BOOKMARK [2][-]{Item.3}{slide-96}{section*.2}% 64
\BOOKMARK [2][-]{Item.3}{slide-97}{section*.2}% 65
\BOOKMARK [2][-]{Item.3}{slide-98}{section*.2}% 66
\BOOKMARK [2][-]{Item.3}{slide-102}{section*.2}% 67
\BOOKMARK [2][-]{Item.3}{slide-103}{section*.2}% 68
\BOOKMARK [2][-]{Item.3}{slide-104}{section*.2}% 69
\BOOKMARK [2][-]{Item.3}{unit_741}{section*.2}% 70
\BOOKMARK [1][-]{Item.3}{From\040Action\040to\040Communication\040and\040Joint\040Action}{}% 71
\BOOKMARK [2][-]{section*.4}{slide-111}{Item.3}% 72
\BOOKMARK [2][-]{section*.4}{slide-117}{Item.3}% 73
\BOOKMARK [2][-]{section*.4}{slide-120}{Item.3}% 74
\BOOKMARK [2][-]{section*.4}{unit_999}{Item.3}% 75
\BOOKMARK [1][-]{section*.4}{Conclusion\040and\040Outlook}{}% 76
\BOOKMARK [2][-]{section*.5}{slide-126}{section*.4}% 77
\BOOKMARK [2][-]{section*.5}{slide-127}{section*.4}% 78
\BOOKMARK [2][-]{section*.5}{slide-128}{section*.4}% 79
\BOOKMARK [2][-]{section*.5}{slide-129}{section*.4}% 80
\BOOKMARK [2][-]{section*.5}{slide-130}{section*.4}% 81
\BOOKMARK [2][-]{section*.5}{slide-133}{section*.4}% 82
\BOOKMARK [2][-]{section*.5}{slide-135}{section*.4}% 83
\BOOKMARK [2][-]{section*.5}{slide-136}{section*.4}% 84
\BOOKMARK [2][-]{section*.5}{slide-137}{section*.4}% 85
\BOOKMARK [2][-]{section*.5}{slide-138}{section*.4}% 86
\BOOKMARK [2][-]{section*.5}{slide-139}{section*.4}% 87
\BOOKMARK [2][-]{section*.5}{slide-140}{section*.4}% 88
\BOOKMARK [2][-]{section*.5}{slide-141}{section*.4}% 89
\BOOKMARK [2][-]{section*.5}{slide-142}{section*.4}% 90
\BOOKMARK [2][-]{section*.5}{slide-143}{section*.4}% 91
