\BOOKMARK [2][-]{section*.1}{title-slide}{}
\BOOKMARK [1][-]{section*.1}{An utterance}{}
\BOOKMARK [2][-]{section*.2}{slide-3}{section*.1}
\BOOKMARK [2][-]{section*.2}{slide-4}{section*.1}
\BOOKMARK [2][-]{section*.2}{slide-5}{section*.1}
\BOOKMARK [2][-]{section*.2}{slide-6}{section*.1}
\BOOKMARK [2][-]{section*.2}{slide-7}{section*.1}
\BOOKMARK [2][-]{section*.2}{slide-8}{section*.1}
\BOOKMARK [2][-]{section*.2}{slide-9}{section*.1}
\BOOKMARK [2][-]{section*.2}{unit\137511}{section*.1}
\BOOKMARK [1][-]{section*.2}{Does being able to think depend on being able to communicate with language?}{}
\BOOKMARK [2][-]{section*.3}{slide-11}{section*.2}
\BOOKMARK [2][-]{section*.3}{slide-13}{section*.2}
\BOOKMARK [2][-]{section*.3}{slide-15}{section*.2}
\BOOKMARK [2][-]{section*.3}{slide-19}{section*.2}
\BOOKMARK [2][-]{section*.3}{slide-20}{section*.2}
\BOOKMARK [2][-]{section*.3}{slide-23}{section*.2}
\BOOKMARK [2][-]{section*.3}{slide-24}{section*.2}
\BOOKMARK [2][-]{section*.3}{slide-25}{section*.2}
\BOOKMARK [2][-]{section*.3}{slide-27}{section*.2}
\BOOKMARK [2][-]{section*.3}{slide-30}{section*.2}
\BOOKMARK [2][-]{section*.3}{slide-33}{section*.2}
\BOOKMARK [2][-]{section*.3}{slide-34}{section*.2}
\BOOKMARK [2][-]{section*.3}{slide-35}{section*.2}
\BOOKMARK [2][-]{section*.3}{slide-36}{section*.2}
\BOOKMARK [2][-]{section*.3}{slide-37}{section*.2}
\BOOKMARK [2][-]{section*.3}{slide-39}{section*.2}
\BOOKMARK [2][-]{section*.3}{unit\137521}{section*.2}
\BOOKMARK [1][-]{section*.3}{Training}{}
\BOOKMARK [2][-]{section*.4}{slide-41}{section*.3}
\BOOKMARK [2][-]{section*.4}{slide-43}{section*.3}
\BOOKMARK [2][-]{section*.4}{slide-44}{section*.3}
\BOOKMARK [2][-]{section*.4}{slide-47}{section*.3}
\BOOKMARK [2][-]{section*.4}{slide-48}{section*.3}
\BOOKMARK [2][-]{section*.4}{slide-54}{section*.3}
\BOOKMARK [2][-]{section*.4}{slide-55}{section*.3}
\BOOKMARK [2][-]{section*.4}{slide-57}{section*.3}
\BOOKMARK [2][-]{section*.4}{unit\137531}{section*.3}
\BOOKMARK [1][-]{section*.4}{Understanding}{}
\BOOKMARK [2][-]{section*.5}{slide-61}{section*.4}
\BOOKMARK [2][-]{section*.5}{slide-64}{section*.4}
\BOOKMARK [2][-]{section*.5}{slide-65}{section*.4}
\BOOKMARK [2][-]{section*.5}{slide-70}{section*.4}
\BOOKMARK [2][-]{section*.5}{slide-71}{section*.4}
\BOOKMARK [2][-]{section*.5}{unit\137541}{section*.4}
\BOOKMARK [1][-]{section*.5}{Creativity}{}
\BOOKMARK [2][-]{section*.6}{slide-74}{section*.5}
\BOOKMARK [2][-]{section*.6}{slide-82}{section*.5}
\BOOKMARK [2][-]{section*.6}{slide-83}{section*.5}
\BOOKMARK [2][-]{section*.6}{slide-84}{section*.5}
\BOOKMARK [2][-]{section*.6}{slide-85}{section*.5}
\BOOKMARK [2][-]{section*.6}{slide-86}{section*.5}
\BOOKMARK [2][-]{section*.6}{slide-87}{section*.5}
\BOOKMARK [2][-]{section*.6}{slide-88}{section*.5}
\BOOKMARK [2][-]{section*.6}{slide-89}{section*.5}
\BOOKMARK [2][-]{section*.6}{slide-95}{section*.5}
\BOOKMARK [2][-]{section*.6}{slide-96}{section*.5}
\BOOKMARK [2][-]{section*.6}{slide-101}{section*.5}
\BOOKMARK [2][-]{section*.6}{slide-104}{section*.5}
\BOOKMARK [2][-]{section*.6}{slide-105}{section*.5}
\BOOKMARK [2][-]{section*.6}{slide-106}{section*.5}
\BOOKMARK [2][-]{section*.6}{slide-107}{section*.5}
\BOOKMARK [2][-]{section*.6}{unit\137551}{section*.5}
\BOOKMARK [1][-]{section*.6}{Mapping words to concepts}{}
\BOOKMARK [2][-]{section*.7}{slide-109}{section*.6}
\BOOKMARK [2][-]{section*.7}{slide-110}{section*.6}
\BOOKMARK [2][-]{section*.7}{slide-116}{section*.6}
\BOOKMARK [2][-]{section*.7}{slide-117}{section*.6}
\BOOKMARK [2][-]{section*.7}{slide-119}{section*.6}
\BOOKMARK [2][-]{section*.7}{slide-120}{section*.6}
\BOOKMARK [2][-]{section*.7}{slide-121}{section*.6}
\BOOKMARK [2][-]{section*.7}{slide-122}{section*.6}
\BOOKMARK [2][-]{section*.7}{slide-123}{section*.6}
\BOOKMARK [2][-]{section*.7}{slide-125}{section*.6}
\BOOKMARK [2][-]{section*.7}{slide-126}{section*.6}
\BOOKMARK [2][-]{section*.7}{slide-127}{section*.6}
\BOOKMARK [2][-]{section*.7}{slide-129}{section*.6}
\BOOKMARK [2][-]{section*.7}{slide-131}{section*.6}
\BOOKMARK [2][-]{section*.7}{slide-132}{section*.6}
\BOOKMARK [2][-]{section*.7}{slide-133}{section*.6}
\BOOKMARK [2][-]{section*.7}{slide-135}{section*.6}
\BOOKMARK [2][-]{section*.7}{unit\137561}{section*.6}
\BOOKMARK [1][-]{section*.7}{Summary}{}
\BOOKMARK [2][-]{section*.8}{slide-140}{section*.7}
\BOOKMARK [2][-]{section*.8}{slide-143}{section*.7}
\BOOKMARK [2][-]{section*.8}{slide-151}{section*.7}
\BOOKMARK [2][-]{section*.8}{slide-152}{section*.7}
\BOOKMARK [2][-]{section*.8}{unit\137571}{section*.7}
\BOOKMARK [1][-]{section*.8}{Grice/Tomasello}{}
\BOOKMARK [2][-]{section*.9}{slide-154}{section*.8}
\BOOKMARK [2][-]{section*.9}{slide-155}{section*.8}
\BOOKMARK [2][-]{section*.9}{slide-157}{section*.8}
\BOOKMARK [2][-]{section*.9}{slide-159}{section*.8}
