\BOOKMARK [2][-]{section*.1}{title-slide}{}
\BOOKMARK [1][-]{section*.1}{A Puzzle about Pointing}{}
\BOOKMARK [2][-]{section*.2}{slide-3}{section*.1}
\BOOKMARK [2][-]{section*.2}{slide-5}{section*.1}
\BOOKMARK [2][-]{section*.2}{slide-7}{section*.1}
\BOOKMARK [2][-]{section*.2}{slide-8}{section*.1}
\BOOKMARK [2][-]{section*.2}{slide-9}{section*.1}
\BOOKMARK [2][-]{section*.2}{slide-10}{section*.1}
\BOOKMARK [2][-]{section*.2}{slide-11}{section*.1}
\BOOKMARK [2][-]{section*.2}{slide-12}{section*.1}
\BOOKMARK [2][-]{section*.2}{slide-14}{section*.1}
\BOOKMARK [2][-]{section*.2}{slide-17}{section*.1}
\BOOKMARK [2][-]{section*.2}{slide-21}{section*.1}
\BOOKMARK [2][-]{section*.2}{slide-22}{section*.1}
\BOOKMARK [2][-]{section*.2}{slide-28}{section*.1}
\BOOKMARK [2][-]{section*.2}{slide-32}{section*.1}
\BOOKMARK [2][-]{section*.2}{slide-34}{section*.1}
\BOOKMARK [2][-]{section*.2}{slide-36}{section*.1}
\BOOKMARK [2][-]{section*.2}{slide-41}{section*.1}
\BOOKMARK [2][-]{section*.2}{slide-42}{section*.1}
\BOOKMARK [2][-]{section*.2}{slide-44}{section*.1}
\BOOKMARK [2][-]{section*.2}{slide-45}{section*.1}
\BOOKMARK [2][-]{section*.2}{slide-46}{section*.1}
\BOOKMARK [2][-]{section*.2}{slide-50}{section*.1}
\BOOKMARK [2][-]{section*.2}{slide-52}{section*.1}
\BOOKMARK [2][-]{section*.2}{slide-53}{section*.1}
\BOOKMARK [2][-]{section*.2}{slide-54}{section*.1}
\BOOKMARK [2][-]{section*.2}{unit\137671}{section*.1}
\BOOKMARK [1][-]{section*.2}{What is a communicative action?}{}
\BOOKMARK [2][-]{section*.3}{slide-59}{section*.2}
\BOOKMARK [2][-]{section*.3}{slide-60}{section*.2}
\BOOKMARK [2][-]{section*.3}{slide-62}{section*.2}
\BOOKMARK [2][-]{section*.3}{slide-63}{section*.2}
\BOOKMARK [2][-]{section*.3}{slide-64}{section*.2}
\BOOKMARK [2][-]{section*.3}{slide-67}{section*.2}
\BOOKMARK [2][-]{section*.3}{slide-70}{section*.2}
\BOOKMARK [2][-]{section*.3}{slide-73}{section*.2}
\BOOKMARK [2][-]{section*.3}{slide-74}{section*.2}
\BOOKMARK [2][-]{section*.3}{slide-76}{section*.2}
\BOOKMARK [2][-]{section*.3}{slide-77}{section*.2}
\BOOKMARK [2][-]{section*.3}{slide-78}{section*.2}
\BOOKMARK [2][-]{section*.3}{slide-88}{section*.2}
\BOOKMARK [2][-]{section*.3}{slide-89}{section*.2}
\BOOKMARK [2][-]{section*.3}{slide-90}{section*.2}
\BOOKMARK [2][-]{section*.3}{slide-91}{section*.2}
\BOOKMARK [2][-]{section*.3}{slide-92}{section*.2}
\BOOKMARK [2][-]{section*.3}{slide-94}{section*.2}
\BOOKMARK [2][-]{section*.3}{slide-97}{section*.2}
\BOOKMARK [2][-]{section*.3}{slide-98}{section*.2}
\BOOKMARK [2][-]{section*.3}{slide-99}{section*.2}
\BOOKMARK [2][-]{section*.3}{slide-101}{section*.2}
\BOOKMARK [2][-]{section*.3}{slide-103}{section*.2}
\BOOKMARK [2][-]{section*.3}{slide-104}{section*.2}
\BOOKMARK [2][-]{section*.3}{slide-105}{section*.2}
\BOOKMARK [2][-]{section*.3}{slide-106}{section*.2}
\BOOKMARK [2][-]{section*.3}{slide-108}{section*.2}
\BOOKMARK [2][-]{section*.3}{slide-110}{section*.2}
\BOOKMARK [2][-]{section*.3}{slide-111}{section*.2}
\BOOKMARK [2][-]{section*.3}{slide-114}{section*.2}
\BOOKMARK [2][-]{section*.3}{slide-115}{section*.2}
\BOOKMARK [2][-]{section*.3}{slide-118}{section*.2}
\BOOKMARK [2][-]{section*.3}{slide-120}{section*.2}
\BOOKMARK [2][-]{section*.3}{slide-122}{section*.2}
\BOOKMARK [2][-]{section*.3}{unit\137681}{section*.2}
\BOOKMARK [1][-]{section*.3}{Words and Communicative Actions}{}
\BOOKMARK [2][-]{section*.4}{slide-152}{section*.3}
\BOOKMARK [2][-]{section*.4}{slide-153}{section*.3}
\BOOKMARK [2][-]{section*.4}{slide-154}{section*.3}
\BOOKMARK [2][-]{section*.4}{slide-155}{section*.3}
\BOOKMARK [2][-]{section*.4}{slide-156}{section*.3}
\BOOKMARK [2][-]{section*.4}{slide-158}{section*.3}
\BOOKMARK [2][-]{section*.4}{slide-160}{section*.3}
\BOOKMARK [2][-]{section*.4}{unit\137646}{section*.3}
\BOOKMARK [1][-]{section*.4}{Syntax: Knowledge or Core Knowledge?}{}
\BOOKMARK [2][-]{section*.5}{slide-162}{section*.4}
\BOOKMARK [2][-]{section*.5}{slide-165}{section*.4}
\BOOKMARK [2][-]{section*.5}{slide-166}{section*.4}
\BOOKMARK [2][-]{section*.5}{slide-167}{section*.4}
\BOOKMARK [2][-]{section*.5}{slide-170}{section*.4}
\BOOKMARK [2][-]{section*.5}{slide-171}{section*.4}
\BOOKMARK [2][-]{section*.5}{slide-173}{section*.4}
\BOOKMARK [2][-]{section*.5}{slide-174}{section*.4}
\BOOKMARK [2][-]{section*.5}{slide-175}{section*.4}
\BOOKMARK [2][-]{section*.5}{slide-177}{section*.4}
\BOOKMARK [2][-]{section*.5}{slide-182}{section*.4}
\BOOKMARK [2][-]{section*.5}{slide-184}{section*.4}
\BOOKMARK [2][-]{section*.5}{unit\137701}{section*.4}
\BOOKMARK [1][-]{section*.5}{Action}{}
\BOOKMARK [2][-]{section*.6}{slide-193}{section*.5}
\BOOKMARK [2][-]{section*.6}{slide-194}{section*.5}
\BOOKMARK [2][-]{section*.6}{slide-196}{section*.5}
\BOOKMARK [2][-]{section*.6}{slide-197}{section*.5}
\BOOKMARK [2][-]{section*.6}{slide-200}{section*.5}
\BOOKMARK [2][-]{section*.6}{slide-201}{section*.5}
\BOOKMARK [2][-]{section*.6}{slide-202}{section*.5}
\BOOKMARK [2][-]{section*.6}{slide-204}{section*.5}
\BOOKMARK [2][-]{section*.6}{slide-205}{section*.5}
\BOOKMARK [2][-]{section*.6}{slide-207}{section*.5}
\BOOKMARK [2][-]{section*.6}{slide-208}{section*.5}
\BOOKMARK [2][-]{section*.6}{slide-211}{section*.5}
\BOOKMARK [2][-]{section*.6}{slide-212}{section*.5}
\BOOKMARK [2][-]{section*.6}{slide-215}{section*.5}
\BOOKMARK [2][-]{section*.6}{slide-216}{section*.5}
\BOOKMARK [2][-]{section*.6}{slide-220}{section*.5}
\BOOKMARK [2][-]{section*.6}{slide-221}{section*.5}
\BOOKMARK [2][-]{section*.6}{slide-224}{section*.5}
\BOOKMARK [2][-]{section*.6}{slide-227}{section*.5}
\BOOKMARK [2][-]{section*.6}{slide-228}{section*.5}
\BOOKMARK [2][-]{section*.6}{slide-229}{section*.5}
\BOOKMARK [2][-]{section*.6}{slide-232}{section*.5}
\BOOKMARK [2][-]{section*.6}{slide-235}{section*.5}
\BOOKMARK [2][-]{section*.6}{slide-236}{section*.5}
\BOOKMARK [2][-]{section*.6}{slide-237}{section*.5}
\BOOKMARK [2][-]{section*.6}{slide-239}{section*.5}
