\BOOKMARK [2][-]{section*.1}{slide-3}{}
\BOOKMARK [2][-]{section*.1}{slide-4}{}
\BOOKMARK [2][-]{section*.1}{slide-5}{}
\BOOKMARK [2][-]{section*.1}{slide-6}{}
\BOOKMARK [2][-]{section*.1}{slide-10}{}
\BOOKMARK [2][-]{section*.1}{unit\137110}{}
\BOOKMARK [1][-]{section*.1}{Knowledge of Colour: a Question}{}
\BOOKMARK [2][-]{section*.2}{slide-12}{section*.1}
\BOOKMARK [2][-]{section*.2}{unit\137111}{section*.1}
\BOOKMARK [1][-]{section*.2}{Categorical Perception of Colour}{}
\BOOKMARK [2][-]{section*.3}{slide-15}{section*.2}
\BOOKMARK [2][-]{section*.3}{slide-17}{section*.2}
\BOOKMARK [2][-]{section*.3}{slide-19}{section*.2}
\BOOKMARK [2][-]{section*.3}{slide-20}{section*.2}
\BOOKMARK [2][-]{section*.3}{slide-21}{section*.2}
\BOOKMARK [2][-]{section*.3}{slide-22}{section*.2}
\BOOKMARK [2][-]{section*.3}{slide-23}{section*.2}
\BOOKMARK [2][-]{section*.3}{slide-24}{section*.2}
\BOOKMARK [2][-]{section*.3}{slide-27}{section*.2}
\BOOKMARK [2][-]{section*.3}{categorical\137perception\137df}{section*.2}
\BOOKMARK [2][-]{section*.3}{slide-32}{section*.2}
\BOOKMARK [2][-]{section*.3}{slide-35}{section*.2}
\BOOKMARK [2][-]{section*.3}{slide-36}{section*.2}
\BOOKMARK [2][-]{section*.3}{slide-46}{section*.2}
\BOOKMARK [2][-]{section*.3}{slide-49}{section*.2}
\BOOKMARK [2][-]{section*.3}{slide-50}{section*.2}
\BOOKMARK [2][-]{section*.3}{slide-51}{section*.2}
\BOOKMARK [2][-]{section*.3}{slide-61}{section*.2}
\BOOKMARK [2][-]{section*.3}{slide-64}{section*.2}
\BOOKMARK [2][-]{section*.3}{slide-68}{section*.2}
\BOOKMARK [2][-]{section*.3}{slide-69}{section*.2}
\BOOKMARK [2][-]{section*.3}{slide-73}{section*.2}
\BOOKMARK [2][-]{section*.3}{slide-74}{section*.2}
\BOOKMARK [2][-]{section*.3}{slide-79}{section*.2}
\BOOKMARK [2][-]{section*.3}{slide-84}{section*.2}
\BOOKMARK [2][-]{section*.3}{unit\137121}{section*.2}
\BOOKMARK [1][-]{section*.3}{Categorical Perception in Infancy}{}
\BOOKMARK [2][-]{section*.4}{slide-88}{section*.3}
\BOOKMARK [2][-]{section*.4}{slide-94}{section*.3}
\BOOKMARK [2][-]{section*.4}{slide-100}{section*.3}
\BOOKMARK [2][-]{section*.4}{slide-101}{section*.3}
\BOOKMARK [2][-]{section*.4}{slide-102}{section*.3}
\BOOKMARK [2][-]{section*.4}{slide-118}{section*.3}
\BOOKMARK [2][-]{section*.4}{slide-121}{section*.3}
\BOOKMARK [2][-]{section*.4}{unit\137131}{section*.3}
\BOOKMARK [1][-]{section*.4}{Categorical Perception and Knowledge}{}
\BOOKMARK [2][-]{section*.5}{slide-123}{section*.4}
\BOOKMARK [2][-]{section*.5}{slide-124}{section*.4}
\BOOKMARK [2][-]{section*.5}{slide-125}{section*.4}
\BOOKMARK [2][-]{section*.5}{slide-128}{section*.4}
\BOOKMARK [2][-]{section*.5}{building\137blocks\137view\1371}{section*.4}
\BOOKMARK [2][-]{section*.5}{slide-133}{section*.4}
\BOOKMARK [2][-]{section*.5}{slide-135}{section*.4}
\BOOKMARK [2][-]{section*.5}{slide-136}{section*.4}
\BOOKMARK [2][-]{section*.5}{slide-141}{section*.4}
\BOOKMARK [2][-]{section*.5}{slide-142}{section*.4}
\BOOKMARK [2][-]{section*.5}{slide-145}{section*.4}
\BOOKMARK [2][-]{section*.5}{building\137blocks\137view\1372}{section*.4}
\BOOKMARK [2][-]{section*.5}{slide-151}{section*.4}
\BOOKMARK [2][-]{section*.5}{slide-153}{section*.4}
\BOOKMARK [2][-]{section*.5}{slide-154}{section*.4}
\BOOKMARK [2][-]{section*.5}{slide-156}{section*.4}
\BOOKMARK [2][-]{section*.5}{slide-157}{section*.4}
\BOOKMARK [2][-]{section*.5}{slide-159}{section*.4}
\BOOKMARK [2][-]{section*.5}{slide-160}{section*.4}
\BOOKMARK [2][-]{section*.5}{slide-164}{section*.4}
\BOOKMARK [2][-]{section*.5}{slide-167}{section*.4}
\BOOKMARK [2][-]{section*.5}{slide-169}{section*.4}
\BOOKMARK [2][-]{section*.5}{slide-170}{section*.4}
\BOOKMARK [2][-]{section*.5}{slide-173}{section*.4}
\BOOKMARK [2][-]{section*.5}{slide-174}{section*.4}
\BOOKMARK [2][-]{section*.5}{slide-175}{section*.4}
\BOOKMARK [2][-]{section*.5}{slide-176}{section*.4}
\BOOKMARK [2][-]{section*.5}{unit\137141}{section*.4}
\BOOKMARK [1][-]{section*.5}{Categorical Perception in Infants and Adults}{}
\BOOKMARK [2][-]{section*.6}{slide-180}{section*.5}
\BOOKMARK [2][-]{section*.6}{slide-182}{section*.5}
\BOOKMARK [2][-]{section*.6}{slide-185}{section*.5}
\BOOKMARK [2][-]{section*.6}{slide-187}{section*.5}
\BOOKMARK [2][-]{section*.6}{slide-189}{section*.5}
\BOOKMARK [2][-]{section*.6}{slide-190}{section*.5}
\BOOKMARK [2][-]{section*.6}{slide-191}{section*.5}
\BOOKMARK [2][-]{section*.6}{slide-192}{section*.5}
\BOOKMARK [2][-]{section*.6}{unit\137071}{section*.5}
\BOOKMARK [1][-]{section*.6}{Core knowledge}{}
\BOOKMARK [2][-]{section*.7}{slide-194}{section*.6}
\BOOKMARK [2][-]{section*.7}{slide-196}{section*.6}
\BOOKMARK [2][-]{section*.7}{slide-199}{section*.6}
\BOOKMARK [2][-]{section*.7}{slide-200}{section*.6}
\BOOKMARK [2][-]{section*.7}{slide-201}{section*.6}
\BOOKMARK [2][-]{section*.7}{slide-202}{section*.6}
\BOOKMARK [2][-]{section*.7}{slide-203}{section*.6}
\BOOKMARK [2][-]{section*.7}{slide-204}{section*.6}
\BOOKMARK [2][-]{section*.7}{slide-210}{section*.6}
\BOOKMARK [2][-]{section*.7}{slide-211}{section*.6}
\BOOKMARK [2][-]{section*.7}{slide-212}{section*.6}
\BOOKMARK [2][-]{section*.7}{slide-217}{section*.6}
\BOOKMARK [2][-]{section*.7}{slide-219}{section*.6}
